# JRE version: OpenJDK Runtime Environment Temurin-21.0.8+9 (21.0.8+9) (build 21.0.8+9-LTS)
# Java VM: OpenJDK 64-Bit Server VM Temurin-21.0.8+9 (21.0.8+9-LTS, mixed mode, sharing, tiered, compressed oops, compressed class ptrs, g1 gc, linux-amd64)
Heap:
 garbage-first heap   total 1761280K, used 1162333K [0x000000060cc00000, 0x0000000800000000)
  region size 4096K, 164 young (671744K), 6 survivors (24576K)
 Metaspace       used 113369K, committed 114688K, reserved 1179648K
  class space    used 15501K, committed 16064K, reserved 1048576K
GC Heap History (20 events):
Event: 19,072 GC heap before
{Heap before GC invocations=41 (full 0):
 garbage-first heap   total 2334720K, used 1485587K [0x000000060cc00000, 0x0000000800000000)
  region size 4096K, 190 young (778240K), 2 survivors (8192K)
 Metaspace       used 97146K, committed 98304K, reserved 1179648K
  class space    used 13532K, committed 14016K, reserved 1048576K
}
Event: 19,103 GC heap after
{Heap after GC invocations=42 (full 0):
 garbage-first heap   total 2334720K, used 861219K [0x000000060cc00000, 0x0000000800000000)
  region size 4096K, 24 young (98304K), 24 survivors (98304K)
 Metaspace       used 97146K, committed 98304K, reserved 1179648K
  class space    used 13532K, committed 14016K, reserved 1048576K
}
Event: 21,175 GC heap before
{Heap before GC invocations=42 (full 0):
 garbage-first heap   total 2334720K, used 1623075K [0x000000060cc00000, 0x0000000800000000)
  region size 4096K, 211 young (864256K), 24 survivors (98304K)
 Metaspace       used 110497K, committed 111744K, reserved 1179648K
  class space    used 15347K, committed 15872K, reserved 1048576K
}
Event: 21,228 GC heap after
{Heap after GC invocations=43 (full 0):
 garbage-first heap   total 2334720K, used 918765K [0x000000060cc00000, 0x0000000800000000)
  region size 4096K, 22 young (90112K), 22 survivors (90112K)
 Metaspace       used 110497K, committed 111744K, reserved 1179648K
  class space    used 15347K, committed 15872K, reserved 1048576K
}
Event: 22,612 GC heap before
{Heap before GC invocations=43 (full 0):
 garbage-first heap   total 2334720K, used 1701101K [0x000000060cc00000, 0x0000000800000000)
  region size 4096K, 213 young (872448K), 22 survivors (90112K)
 Metaspace       used 111190K, committed 112448K, reserved 1179648K
  class space    used 15376K, committed 15936K, reserved 1048576K
}
Event: 22,635 GC heap after
{Heap after GC invocations=44 (full 0):
 garbage-first heap   total 2334720K, used 937624K [0x000000060cc00000, 0x0000000800000000)
  region size 4096K, 5 young (20480K), 5 survivors (20480K)
 Metaspace       used 111190K, committed 112448K, reserved 1179648K
  class space    used 15376K, committed 15936K, reserved 1048576K
}
Event: 40,636 GC heap before
{Heap before GC invocations=45 (full 0):
 garbage-first heap   total 2334720K, used 1916568K [0x000000060cc00000, 0x0000000800000000)
  region size 4096K, 244 young (999424K), 5 survivors (20480K)
 Metaspace       used 112525K, committed 113728K, reserved 1179648K
  class space    used 15423K, committed 15936K, reserved 1048576K
}
Event: 40,639 GC heap after
{Heap after GC invocations=46 (full 0):
 garbage-first heap   total 2334720K, used 930209K [0x000000060cc00000, 0x0000000800000000)
  region size 4096K, 4 young (16384K), 4 survivors (16384K)
 Metaspace       used 112525K, committed 113728K, reserved 1179648K
  class space    used 15423K, committed 15936K, reserved 1048576K
}
Event: 66,751 GC heap before
{Heap before GC invocations=46 (full 0):
 garbage-first heap   total 2334720K, used 2015649K [0x000000060cc00000, 0x0000000800000000)
  region size 4096K, 269 young (1101824K), 4 survivors (16384K)
 Metaspace       used 112658K, committed 113920K, reserved 1179648K
  class space    used 15426K, committed 16000K, reserved 1048576K
}
Event: 66,754 GC heap after
{Heap after GC invocations=47 (full 0):
 garbage-first heap   total 2334720K, used 700138K [0x000000060cc00000, 0x0000000800000000)
  region size 4096K, 3 young (12288K), 3 survivors (12288K)
 Metaspace       used 112658K, committed 113920K, reserved 1179648K
  class space    used 15426K, committed 16000K, reserved 1048576K
}
Event: 100,102 GC heap before
{Heap before GC invocations=47 (full 0):
 garbage-first heap   total 2334720K, used 2084586K [0x000000060cc00000, 0x0000000800000000)
  region size 4096K, 341 young (1396736K), 3 survivors (12288K)
 Metaspace       used 112794K, committed 114048K, reserved 1179648K
  class space    used 15439K, committed 16000K, reserved 1048576K
}
Event: 100,106 GC heap after
{Heap after GC invocations=48 (full 0):
 garbage-first heap   total 2334720K, used 563993K [0x000000060cc00000, 0x0000000800000000)
  region size 4096K, 4 young (16384K), 4 survivors (16384K)
 Metaspace       used 112794K, committed 114048K, reserved 1179648K
  class space    used 15439K, committed 16000K, reserved 1048576K
}
Event: 135,061 GC heap before
{Heap before GC invocations=48 (full 0):
 garbage-first heap   total 2334720K, used 1948441K [0x000000060cc00000, 0x0000000800000000)
  region size 4096K, 342 young (1400832K), 4 survivors (16384K)
 Metaspace       used 112916K, committed 114176K, reserved 1179648K
  class space    used 15444K, committed 16000K, reserved 1048576K
}
Event: 135,064 GC heap after
{Heap after GC invocations=49 (full 0):
 garbage-first heap   total 2334720K, used 564316K [0x000000060cc00000, 0x0000000800000000)
  region size 4096K, 4 young (16384K), 4 survivors (16384K)
 Metaspace       used 112916K, committed 114176K, reserved 1179648K
  class space    used 15444K, committed 16000K, reserved 1048576K
}
Event: 164,652 GC heap before
{Heap before GC invocations=50 (full 0):
 garbage-first heap   total 1900544K, used 1686620K [0x000000060cc00000, 0x0000000800000000)
  region size 4096K, 278 young (1138688K), 4 survivors (16384K)
 Metaspace       used 112936K, committed 114176K, reserved 1179648K
  class space    used 15444K, committed 16000K, reserved 1048576K
}
Event: 164,655 GC heap after
{Heap after GC invocations=51 (full 0):
 garbage-first heap   total 1900544K, used 564207K [0x000000060cc00000, 0x0000000800000000)
  region size 4096K, 4 young (16384K), 4 survivors (16384K)
 Metaspace       used 112936K, committed 114176K, reserved 1179648K
  class space    used 15444K, committed 16000K, reserved 1048576K
}
Event: 195,100 GC heap before
{Heap before GC invocations=51 (full 0):
 garbage-first heap   total 1900544K, used 1686511K [0x000000060cc00000, 0x0000000800000000)
  region size 4096K, 278 young (1138688K), 4 survivors (16384K)
 Metaspace       used 112966K, committed 114240K, reserved 1179648K
  class space    used 15444K, committed 16000K, reserved 1048576K
}
Event: 195,106 GC heap after
{Heap after GC invocations=52 (full 0):
 garbage-first heap   total 1900544K, used 515154K [0x000000060cc00000, 0x0000000800000000)
  region size 4096K, 4 young (16384K), 4 survivors (16384K)
 Metaspace       used 112966K, committed 114240K, reserved 1179648K
  class space    used 15444K, committed 16000K, reserved 1048576K
}
Event: 221,592 GC heap before
{Heap before GC invocations=52 (full 0):
 garbage-first heap   total 1900544K, used 1637458K [0x000000060cc00000, 0x0000000800000000)
  region size 4096K, 278 young (1138688K), 4 survivors (16384K)
 Metaspace       used 113245K, committed 114496K, reserved 1179648K
  class space    used 15475K, committed 16000K, reserved 1048576K
}
Event: 221,598 GC heap after
{Heap after GC invocations=53 (full 0):
 garbage-first heap   total 1900544K, used 523357K [0x000000060cc00000, 0x0000000800000000)
  region size 4096K, 6 young (24576K), 6 survivors (24576K)
 Metaspace       used 113245K, committed 114496K, reserved 1179648K
  class space    used 15475K, committed 16000K, reserved 1048576K
}

